<?xml version="1.0" encoding="UTF-8"?>
<!-- Generated by org.testng.reporters.JUnitReportReporter -->
<testsuite hostname="DESKTOP-CO1JOQ6" failures="0" tests="1" name="TestVisa" time="0.217" errors="0" timestamp="2023-02-18T21:01:11 GST" skipped="0">
  <testcase classname="TestVisa" name="CheckVisaLogo" time="0.217"/>
  <system-out/>
</testsuite> <!-- TestVisa -->
